{ root: 'D:\\IdeaProjects\\vue-cli-demo',
  registry: 'http://registry.npm.taobao.org',
  pkgs: [ { name: 'element-ui', version: '*', type: 'tag' } ],
  production: false,
  cacheStrict: false,
  cacheDir: 'C:\\Users\\weipengming\\.npminstall_tarball',
  env: 
   { npm_config_registry: 'http://registry.npm.taobao.org',
     npm_config_argv: '{"remain":[],"cooked":["--china","--userconfig=C:\\\\Users\\\\weipengming\\\\.cnpmrc","--disturl=https://npm.taobao.org/mirrors/node","--registry=http://registry.npm.taobao.org","element-ui","--save"],"original":["--china","--userconfig=C:\\\\Users\\\\weipengming\\\\.cnpmrc","--disturl=https://npm.taobao.org/mirrors/node","--registry=http://registry.npm.taobao.org","element-ui","--save"]}',
     NODE: 'D:\\Program Files\\nodejs\\node.exe',
     npm_node_execpath: 'D:\\Program Files\\nodejs\\node.exe',
     npm_execpath: 'C:\\Users\\weipengming\\AppData\\Roaming\\npm\\node_modules\\cnpm\\node_modules\\npminstall\\bin\\install.js',
     npm_rootpath: 'D:\\IdeaProjects\\vue-cli-demo',
     npm_config_userconfig: 'C:\\Users\\weipengming\\.cnpmrc',
     npm_config_disturl: 'https://npm.taobao.org/mirrors/node',
     npm_config_r: 'http://registry.npm.taobao.org',
     NODEJS_ORG_MIRROR: 'https://npm.taobao.org/mirrors/node',
     NVM_NODEJS_ORG_MIRROR: 'https://npm.taobao.org/mirrors/node',
     NVM_IOJS_ORG_MIRROR: 'https://npm.taobao.org/mirrors/iojs',
     PHANTOMJS_CDNURL: 'https://npm.taobao.org/mirrors/phantomjs',
     CHROMEDRIVER_CDNURL: 'https://tnpm-hz.oss-cn-hangzhou.aliyuncs.com/dist/chromedriver',
     OPERADRIVER_CDNURL: 'https://npm.taobao.org/mirrors/operadriver',
     ELECTRON_MIRROR: 'https://npm.taobao.org/mirrors/electron/',
     SASS_BINARY_SITE: 'https://npm.taobao.org/mirrors/node-sass',
     FLOW_BINARY_MIRROR: 'https://github.com/facebook/flow/releases/download/v',
     npm_config_cache: 'C:\\Users\\weipengming\\.npminstall_tarball' },
  binaryMirrors: 
   { ENVS: 
      { NODEJS_ORG_MIRROR: 'https://npm.taobao.org/mirrors/node',
        NVM_NODEJS_ORG_MIRROR: 'https://npm.taobao.org/mirrors/node',
        NVM_IOJS_ORG_MIRROR: 'https://npm.taobao.org/mirrors/iojs',
        PHANTOMJS_CDNURL: 'https://npm.taobao.org/mirrors/phantomjs',
        CHROMEDRIVER_CDNURL: 'https://tnpm-hz.oss-cn-hangzhou.aliyuncs.com/dist/chromedriver',
        OPERADRIVER_CDNURL: 'https://npm.taobao.org/mirrors/operadriver',
        ELECTRON_MIRROR: 'https://npm.taobao.org/mirrors/electron/',
        SASS_BINARY_SITE: 'https://npm.taobao.org/mirrors/node-sass',
        FLOW_BINARY_MIRROR: 'https://github.com/facebook/flow/releases/download/v' },
     leveldown: { host: 'https://npm.taobao.org/mirrors/leveldown/v{version}' },
     'leveldown-hyper': { host: 'https://npm.taobao.org/mirrors/leveldown-hyper/v{version}' },
     mknod: { host: 'https://npm.taobao.org/mirrors/mknod/v{version}' },
     couchbase: { host: 'https://npm.taobao.org/mirrors/couchbase/v{version}' },
     'sodium-prebuilt': { host: 'https://npm.taobao.org/mirrors/sodium-prebuilt/v{version}' },
     'utp-native': { host: 'https://npm.taobao.org/mirrors/utp-native/v{version}' },
     'node-tk5': { host: 'https://npm.taobao.org/mirrors/node-tk5/v{version}' },
     'fuse-bindings': { host: 'https://npm.taobao.org/mirrors/fuse-bindings/v{version}' },
     'zmq-prebuilt': { host: 'https://npm.taobao.org/mirrors/zmq-prebuilt/v{version}' },
     gl: { host: 'https://npm.taobao.org/mirrors/gl/v{version}' },
     hackrf: { host: 'https://npm.taobao.org/mirrors/hackrf/v{version}' },
     rabin: { host: 'https://npm.taobao.org/mirrors/rabin/v{version}' },
     'v8-debug': { host: 'https://npm.taobao.org/mirrors/node-inspector' },
     'v8-profiler': { host: 'https://npm.taobao.org/mirrors/node-inspector' },
     sqlite3: { host: 'https://npm.taobao.org/mirrors' },
     grpc: 
      { host: 'https://npm.taobao.org/mirrors',
        remote_path: '{name}/v{version}' },
     fsevents: { host: 'https://npm.taobao.org/mirrors/fsevents' },
     nodegit: { host: 'https://npm.taobao.org/mirrors/nodegit/v{version}' },
     'flow-bin': 
      { replaceHost: 'https://github.com/facebook/flow/releases/download/v',
        host: 'https://npm.taobao.org/mirrors/flow/v' },
     'jpegtran-bin': { replaceHost: [Array], host: 'https://raw.github.cnpmjs.org' },
     'cwebp-bin': { replaceHost: [Array], host: 'https://raw.github.cnpmjs.org' },
     'zopflipng-bin': { replaceHost: [Array], host: 'https://raw.github.cnpmjs.org' },
     'optipng-bin': { replaceHost: [Array], host: 'https://raw.github.cnpmjs.org' },
     mozjpeg: { replaceHost: [Array], host: 'https://raw.github.cnpmjs.org' },
     gifsicle: { replaceHost: [Array], host: 'https://raw.github.cnpmjs.org' },
     'pngquant-bin': 
      { replaceHost: [Array],
        host: 'https://raw.github.cnpmjs.org',
        replaceHostMap: [Object] },
     'pngcrush-bin': { replaceHost: [Array], host: 'https://raw.github.cnpmjs.org' },
     'jpeg-recompress-bin': { replaceHost: [Array], host: 'https://raw.github.cnpmjs.org' },
     'advpng-bin': { replaceHost: [Array], host: 'https://raw.github.cnpmjs.org' },
     'pngout-bin': { replaceHost: [Array], host: 'https://raw.github.cnpmjs.org' },
     'jpegoptim-bin': { replaceHost: [Array], host: 'https://raw.github.cnpmjs.org' } },
  forbiddenLicenses: null,
  flatten: false,
  proxy: undefined,
  strictSSL: true,
  ignoreScripts: false,
  detail: false,
  trace: false,
  engineStrict: false,
  registryOnly: false,
  spinner: 
   Ora {
     options: { text: '', color: 'cyan', stream: [Object] },
     spinner: { interval: 130, frames: [Array] },
     text: '[0/1] Installing vue@^2.3.3',
     color: 'cyan',
     interval: 130,
     stream: 
      WriteStream {
        connecting: false,
        _hadError: false,
        _handle: [Object],
        _parent: null,
        _host: null,
        _readableState: [Object],
        readable: false,
        domain: null,
        _events: [Object],
        _eventsCount: 3,
        _maxListeners: undefined,
        _writableState: [Object],
        writable: true,
        allowHalfOpen: false,
        _bytesDispatched: 27147,
        _sockname: null,
        _writev: null,
        _pendingData: null,
        _pendingEncoding: '',
        server: null,
        _server: null,
        columns: 219,
        rows: 9,
        _type: 'tty',
        fd: 2,
        _isStdio: true,
        destroySoon: [Function: destroy],
        _destroy: [Function],
        [Symbol(asyncId)]: 3,
        [Symbol(bytesRead)]: 0 },
     id: null,
     frameIndex: 0,
     enabled: true },
  events: 
   EventEmitter {
     domain: null,
     _events: {},
     _eventsCount: 0,
     _maxListeners: 0,
     await: [Function] },
  postInstallTasks: [],
  peerDependencies: 
   [ { package: [Object],
       displayName: 'element-ui@*',
       parentDir: 'D:\\IdeaProjects\\vue-cli-demo' } ],
  linkPeerDependencies: 
   [ { parentDir: 'D:\\IdeaProjects\\vue-cli-demo\\node_modules\\_element-ui@1.4.4@element-ui',
       realPkg: [Object],
       realPkgDir: 'D:\\IdeaProjects\\vue-cli-demo\\node_modules\\_vue@2.4.4@vue' } ],
  packageVersions: 
   { 'element-ui': Set { '1.4.4' },
     vue: Set { '2.4.4' },
     'async-validator': Set { '1.6.9' },
     'throttle-debounce': Set { '1.0.1' },
     'babel-helper-vue-jsx-merge-props': Set { '2.0.2' },
     deepmerge: Set { '1.5.1' } },
  latestVersions: 
   Map {
     'element-ui' => '1.4.4',
     'vue' => '2.4.4',
     'async-validator' => '1.6.9',
     'throttle-debounce' => '1.0.1',
     'babel-helper-vue-jsx-merge-props' => '2.0.2',
     'deepmerge' => '1.5.1' },
  latestPackages: Map {},
  cache: 
   { 'npm:resolve:package:element-ui': 
      { done: true,
        name: 'element-ui',
        modified: '2017-09-05T10:11:06.000Z',
        'dist-tags': [Object],
        versions: [Object],
        allVersions: [Array] },
     'npm:resolve:version:element-ui@*': 
      { name: 'element-ui',
        version: '1.4.4',
        dependencies: [Object],
        devDependencies: [Object],
        peerDependencies: {},
        directories: {},
        dist: [Object],
        _hasShrinkwrap: false,
        publish_time: 1504604382260,
        description: 'A Component Library for Vue.js.',
        main: 'lib/element-ui.common.js',
        files: [Array],
        scripts: [Object],
        repository: [Object],
        homepage: 'http://element.eleme.io',
        keywords: [Array],
        license: 'MIT',
        bugs: [Object],
        unpkg: 'lib/index.js',
        style: 'lib/theme-default/index.css',
        readme: 'ERROR: No README data found!',
        _id: 'element-ui@1.4.4' },
     'download:element-ui@1.4.4': { done: true },
     'install:element-ui@*': 
      { package: [Object],
        dir: 'D:\\IdeaProjects\\vue-cli-demo\\node_modules\\_element-ui@1.4.4@element-ui' },
     'npm:resolve:package:vue': 
      { done: true,
        name: 'vue',
        modified: '2017-09-14T19:10:50.000Z',
        'dist-tags': [Object],
        versions: [Object],
        allVersions: [Array] },
     'npm:resolve:version:vue@^2.3.3': 
      { name: 'vue',
        version: '2.4.4',
        devDependencies: [Object],
        directories: {},
        dist: [Object],
        _hasShrinkwrap: false,
        publish_time: 1505403172487 },
     'npm:resolve:version:vue@^2.3.0': 
      { name: 'vue',
        version: '2.4.4',
        devDependencies: [Object],
        directories: {},
        dist: [Object],
        _hasShrinkwrap: false,
        publish_time: 1505403172487 },
     'npm:resolve:package:async-validator': 
      { done: true,
        name: 'async-validator',
        modified: '2017-09-06T06:26:54.000Z',
        'dist-tags': [Object],
        versions: [Object],
        allVersions: [Array] },
     'npm:resolve:package:babel-helper-vue-jsx-merge-props': 
      { done: true,
        name: 'babel-helper-vue-jsx-merge-props',
        modified: '2017-03-27T10:45:29.000Z',
        'dist-tags': [Object],
        versions: [Object],
        allVersions: [Array] },
     'npm:resolve:package:deepmerge': 
      { done: true,
        name: 'deepmerge',
        modified: '2017-08-15T21:58:14.000Z',
        'dist-tags': [Object],
        versions: [Object],
        allVersions: [Array] },
     'npm:resolve:package:throttle-debounce': 
      { done: true,
        name: 'throttle-debounce',
        modified: '2017-03-27T10:49:37.000Z',
        'dist-tags': [Object],
        versions: [Object],
        allVersions: [Array] },
     'download:vue@2.4.4': { done: true },
     'install:vue@^2.3.3': 
      { package: [Object],
        dir: 'D:\\IdeaProjects\\vue-cli-demo\\node_modules\\_vue@2.4.4@vue' },
     'install:vue:range:3.0.0': 
      { package: [Object],
        dir: 'D:\\IdeaProjects\\vue-cli-demo\\node_modules\\_vue@2.4.4@vue' },
     'npm:resolve:version:async-validator@1.6.9': 
      { name: 'async-validator',
        version: '1.6.9',
        devDependencies: [Object],
        directories: {},
        dist: [Object],
        _hasShrinkwrap: false,
        publish_time: 1493004098985,
        description: 'validate form asynchronous',
        keywords: [Array],
        homepage: 'http://github.com/yiminghe/async-validator',
        author: [Object],
        repository: [Object],
        files: [Array],
        main: './lib/index',
        bugs: [Object],
        licenses: 'MIT',
        config: [Object],
        scripts: [Object],
        'pre-commit': [Array],
        readme: 'ERROR: No README data found!',
        _id: 'async-validator@1.6.9' },
     'download:async-validator@1.6.9': { done: true },
     'install:async-validator@1.6.9': 
      { package: [Object],
        dir: 'D:\\IdeaProjects\\vue-cli-demo\\node_modules\\_async-validator@1.6.9@async-validator' },
     'npm:resolve:version:throttle-debounce@^1.0.1': 
      { name: 'throttle-debounce',
        version: '1.0.1',
        dependencies: {},
        devDependencies: [Object],
        directories: [Object],
        dist: [Object],
        engines: [Object],
        _hasShrinkwrap: false,
        publish_time: 1462115757518,
        description: 'Throttle/debounce your functions.',
        main: 'index.js',
        author: [Object],
        contributors: [Array],
        license: 'MIT',
        scripts: [Object],
        keywords: [Array],
        repository: [Object],
        bugs: [Object],
        homepage: 'https://github.com/niksy/throttle-debounce#readme',
        readme: 'ERROR: No README data found!',
        _id: 'throttle-debounce@1.0.1' },
     'download:throttle-debounce@1.0.1': { done: true },
     'install:throttle-debounce@^1.0.1': 
      { package: [Object],
        dir: 'D:\\IdeaProjects\\vue-cli-demo\\node_modules\\_throttle-debounce@1.0.1@throttle-debounce' },
     'install:throttle-debounce:range:2.0.0': 
      { package: [Object],
        dir: 'D:\\IdeaProjects\\vue-cli-demo\\node_modules\\_throttle-debounce@1.0.1@throttle-debounce' },
     'npm:resolve:version:babel-helper-vue-jsx-merge-props@^2.0.0': 
      { name: 'babel-helper-vue-jsx-merge-props',
        version: '2.0.2',
        directories: {},
        dist: [Object],
        _hasShrinkwrap: false,
        publish_time: 1477947624406,
        description: 'babel helper for vue jsx spread.',
        main: 'index.js',
        repository: [Object],
        keywords: [Array],
        author: [Object],
        license: 'MIT',
        bugs: [Object],
        homepage: 'https://github.com/vuejs/babel-helper-vue-jsx-merge-props#readme',
        readme: 'ERROR: No README data found!',
        _id: 'babel-helper-vue-jsx-merge-props@2.0.2' },
     'download:babel-helper-vue-jsx-merge-props@2.0.2': { done: true },
     'install:babel-helper-vue-jsx-merge-props@^2.0.0': 
      { package: [Object],
        dir: 'D:\\IdeaProjects\\vue-cli-demo\\node_modules\\_babel-helper-vue-jsx-merge-props@2.0.2@babel-helper-vue-jsx-merge-props' },
     'install:babel-helper-vue-jsx-merge-props:range:3.0.0': 
      { package: [Object],
        dir: 'D:\\IdeaProjects\\vue-cli-demo\\node_modules\\_babel-helper-vue-jsx-merge-props@2.0.2@babel-helper-vue-jsx-merge-props' },
     'npm:resolve:version:deepmerge@^1.2.0': 
      { name: 'deepmerge',
        version: '1.5.1',
        devDependencies: [Object],
        directories: {},
        dist: [Object],
        engines: [Object],
        _hasShrinkwrap: false,
        publish_time: 1502834290546,
        author: [Object],
        description: 'A library for deep (recursive) merging of Javascript objects',
        keywords: [Array],
        homepage: 'https://github.com/KyleAMathews/deepmerge',
        repository: [Object],
        main: 'dist/umd.js',
        module: 'dist/es.js',
        browser: 'dist/cjs.js',
        scripts: [Object],
        license: 'MIT',
        bugs: [Object],
        readme: 'ERROR: No README data found!',
        _id: 'deepmerge@1.5.1' },
     'download:deepmerge@1.5.1': { done: true },
     'install:deepmerge@^1.2.0': 
      { package: [Object],
        dir: 'D:\\IdeaProjects\\vue-cli-demo\\node_modules\\_deepmerge@1.5.1@deepmerge' },
     'install:deepmerge:range:2.0.0': 
      { package: [Object],
        dir: 'D:\\IdeaProjects\\vue-cli-demo\\node_modules\\_deepmerge@1.5.1@deepmerge' },
     'nodemodule:path:D:\IdeaProjects\vue-cli-demo': 
      [ 'D:\\IdeaProjects\\vue-cli-demo\\node_modules',
        'D:\\IdeaProjects\\node_modules',
        'D:\\node_modules' ] },
  targetDir: 'D:\\IdeaProjects\\vue-cli-demo',
  storeDir: 'D:\\IdeaProjects\\vue-cli-demo\\node_modules',
  timeout: 60000,
  console: 
   { info: 
      { [Function: debug]
        namespace: 'npminstall:format_install_options',
        enabled: false,
        useColors: true,
        color: 3,
        inspectOpts: {} },
     log: 
      { [Function: debug]
        namespace: 'npminstall:format_install_options',
        enabled: false,
        useColors: true,
        color: 3,
        inspectOpts: {} },
     error: [Function: bound consoleCall],
     warn: [Function: bound consoleCall] },
  start: 1505960423645,
  totalTarballSize: 0,
  totalJSONSize: 35892,
  totalJSONCount: 6,
  localPackages: 0,
  remotePackages: 0,
  registryPackages: 5,
  gitPackages: 0,
  pendingMessages: [],
  recentlyUpdateMinDateTime: 1505355623645,
  recentlyUpdates: Map {},
  onlyShowTodayUpdateToConsole: true,
  remoteNames: {},
  referer: 'install element-ui --uuid=6c79f8d0-9e73-11e7-9575-81cdbeea70df',
  installRoot: false,
  progresses: 
   { installTasks: 1,
     finishedInstallTasks: 1,
     linkTasks: 5,
     finishedLinkTasks: 5 },
  rootPkgDependencies: 
   { allMap: [Getter],
     all: [Getter],
     prodMap: [Getter],
     prod: [Getter] } }